This is pdfTeX, Version 3.14159265-2.6-1.40.15 (TeX Live 2014) (preloaded format=pdflatex 2015.1.28)  8 MAY 2017 19:31
entering extended mode
 restricted \write18 enabled.
 %&-line parsing enabled.
**thesis.tex
(./thesis.tex
LaTeX2e <2014/05/01>
Babel <3.9k> and hyphenation patterns for 78 languages loaded.
(/usr/local/texlive/texmf-local/tex/latex/disser/disser.cls
Document Class: disser 2015/01/03 1.3.1 Document class for dissertations
(/usr/local/texlive/2014/texmf-dist/tex/latex/oberdiek/kvoptions.sty
Package: kvoptions 2011/06/30 v3.11 Key value format for package options (HO)

(/usr/local/texlive/2014/texmf-dist/tex/latex/graphics/keyval.sty
Package: keyval 2014/05/08 v1.15 key=value parser (DPC)
\KV@toks@=\toks14
)
(/usr/local/texlive/2014/texmf-dist/tex/generic/oberdiek/ltxcmds.sty
Package: ltxcmds 2011/11/09 v1.22 LaTeX kernel commands for general use (HO)
)
(/usr/local/texlive/2014/texmf-dist/tex/generic/oberdiek/kvsetkeys.sty
Package: kvsetkeys 2012/04/25 v1.16 Key value parser (HO)

(/usr/local/texlive/2014/texmf-dist/tex/generic/oberdiek/infwarerr.sty
Package: infwarerr 2010/04/08 v1.3 Providing info/warning/error messages (HO)
)
(/usr/local/texlive/2014/texmf-dist/tex/generic/oberdiek/etexcmds.sty
Package: etexcmds 2011/02/16 v1.5 Avoid name clashes with e-TeX commands (HO)

(/usr/local/texlive/2014/texmf-dist/tex/generic/oberdiek/ifluatex.sty
Package: ifluatex 2010/03/01 v1.3 Provides the ifluatex switch (HO)
Package ifluatex Info: LuaTeX not detected.
)
Package etexcmds Info: Could not find \expanded.
(etexcmds)             That can mean that you are not using pdfTeX 1.50 or
(etexcmds)             that some package has redefined \expanded.
(etexcmds)             In the latter case, load this package earlier.
)))
(/usr/local/texlive/2014/texmf-dist/tex/generic/oberdiek/ifpdf.sty
Package: ifpdf 2011/01/30 v2.3 Provides the ifpdf switch (HO)
Package ifpdf Info: pdfTeX in PDF mode is detected.
)
(/usr/local/texlive/2014/texmf-dist/tex/latex/base/ifthen.sty
Package: ifthen 2001/05/26 v1.1c Standard LaTeX ifthen package (DPC)
)
(/usr/local/texlive/2014/texmf-dist/tex/latex/textcase/textcase.sty
Package: textcase 2004/10/07 v0.07 Text only upper/lower case changing (DPC)
)
(/usr/local/texlive/2014/texmf-dist/tex/latex/extsizes/size14.clo
File: size14.clo 1999/11/11 v1.4a NON-Standard LaTeX file (size option)
)
(/usr/local/texlive/2014/texmf-dist/tex/latex/base/exscale.sty
Package: exscale 2007/10/29 v2.1h Standard LaTeX package exscale
LaTeX Font Info:    Redeclaring symbol font `largesymbols' on input line 52.
LaTeX Font Info:    Overwriting symbol font `largesymbols' in version `normal'
(Font)                  OMX/cmex/m/n --> OMX/cmex/m/n on input line 52.
LaTeX Font Info:    Overwriting symbol font `largesymbols' in version `bold'
(Font)                  OMX/cmex/m/n --> OMX/cmex/m/n on input line 52.
\big@size=\dimen102
)
\c@part=\count79
\c@chapter=\count80
\c@section=\count81
\c@subsection=\count82
\c@subsubsection=\count83
\c@paragraph=\count84
\c@subparagraph=\count85
\c@figure=\count86
\c@table=\count87
\chapterindent=\skip41
\abovecaptionskip=\skip42
\belowcaptionskip=\skip43
\footnoteindent=\skip44

(/usr/local/texlive/texmf-local/tex/latex/disser/titledefs.rtx
File: titledefs.rtx 
\fieldhshift=\skip45
)
\bibindent=\dimen103

(/usr/local/texlive/2014/texmf-dist/tex/latex/amsmath/amsmath.sty
Package: amsmath 2013/01/14 v2.14 AMS math features
\@mathmargin=\skip46

For additional information on amsmath, use the `?' option.
(/usr/local/texlive/2014/texmf-dist/tex/latex/amsmath/amstext.sty
Package: amstext 2000/06/29 v2.01

(/usr/local/texlive/2014/texmf-dist/tex/latex/amsmath/amsgen.sty
File: amsgen.sty 1999/11/30 v2.0
\@emptytoks=\toks15
\ex@=\dimen104
))
(/usr/local/texlive/2014/texmf-dist/tex/latex/amsmath/amsbsy.sty
Package: amsbsy 1999/11/29 v1.2d
\pmbraise@=\dimen105
)
(/usr/local/texlive/2014/texmf-dist/tex/latex/amsmath/amsopn.sty
Package: amsopn 1999/12/14 v2.01 operator names
)
\inf@bad=\count88
LaTeX Info: Redefining \frac on input line 210.
\uproot@=\count89
\leftroot@=\count90
LaTeX Info: Redefining \overline on input line 306.
\classnum@=\count91
\DOTSCASE@=\count92
LaTeX Info: Redefining \ldots on input line 378.
LaTeX Info: Redefining \dots on input line 381.
LaTeX Info: Redefining \cdots on input line 466.
\Mathstrutbox@=\box26
\strutbox@=\box27
\big@size=\dimen106
LaTeX Font Info:    Redeclaring font encoding OML on input line 566.
LaTeX Font Info:    Redeclaring font encoding OMS on input line 567.
\macc@depth=\count93
\c@MaxMatrixCols=\count94
\dotsspace@=\muskip10
\c@parentequation=\count95
\dspbrk@lvl=\count96
\tag@help=\toks16
\row@=\count97
\column@=\count98
\maxfields@=\count99
\andhelp@=\toks17
\eqnshift@=\dimen107
\alignsep@=\dimen108
\tagshift@=\dimen109
\tagwidth@=\dimen110
\totwidth@=\dimen111
\lineht@=\dimen112
\@envbody=\toks18
\multlinegap=\skip47
\multlinetaggap=\skip48
\mathdisplay@stack=\toks19
LaTeX Info: Redefining \[ on input line 2665.
LaTeX Info: Redefining \] on input line 2666.
)
(/usr/local/texlive/2014/texmf-dist/tex/latex/amsfonts/amssymb.sty
Package: amssymb 2013/01/14 v3.01 AMS font symbols

(/usr/local/texlive/2014/texmf-dist/tex/latex/amsfonts/amsfonts.sty
Package: amsfonts 2013/01/14 v3.01 Basic AMSFonts support
\symAMSa=\mathgroup4
\symAMSb=\mathgroup5
LaTeX Font Info:    Overwriting math alphabet `\mathfrak' in version `bold'
(Font)                  U/euf/m/n --> U/euf/b/n on input line 106.
))
\symEulerExtension=\mathgroup6
LaTeX Font Info:    Redeclaring math symbol \intop on input line 1392.
LaTeX Font Info:    Redeclaring math symbol \ointop on input line 1393.

(/usr/local/texlive/2014/texmf-dist/tex/latex/natbib/natbib.sty
Package: natbib 2010/09/13 8.31b (PWD, AO)
\bibhang=\skip49
\bibsep=\skip50
LaTeX Info: Redefining \cite on input line 694.
\c@NAT@ctr=\count100
)
(/usr/local/texlive/2014/texmf-dist/tex/latex/caption/caption.sty
Package: caption 2013/05/02 v3.3-89 Customizing captions (AR)

(/usr/local/texlive/2014/texmf-dist/tex/latex/caption/caption3.sty
Package: caption3 2013/05/02 v1.6-88 caption3 kernel (AR)
Package caption3 Info: TeX engine: e-TeX on input line 57.
\captionmargin=\dimen113
\captionmargin@=\dimen114
\captionwidth=\dimen115
\caption@tempdima=\dimen116
\caption@indent=\dimen117
\caption@parindent=\dimen118
\caption@hangindent=\dimen119
Package caption Info: Unknown document class (or package),
(caption)             standard defaults will be used.
)

Package caption Warning: Unsupported document class (or package) detected,
(caption)                usage of the caption package is not recommended.
See the caption package documentation for explanation.

Package caption Info: \@makecaption = \long macro:#1#2->\vskip \abovecaptionski
p \sbox \@tempboxa {{\captionlabelfont #1\captionlabeldelim } {\captionfont #2}
}\ifdim \wd \@tempboxa >\hsize {{\captionlabelfont #1\captionlabeldelim } {\cap
tionfont #2}}\par \else \global \@minipagefalse \hb@xt@ \hsize {\hfil \box \@te
mpboxa \hfil }\fi \vskip \belowcaptionskip .

Package caption Warning: Configuration file caption.cfg not found on input line
 293.
See the caption package documentation for explanation.

\c@ContinuedFloat=\count101
) (/usr/local/texlive/2014/texmf-dist/tex/latex/caption/subcaption.sty
Package: subcaption 2013/02/03 v1.1-62 Sub-captions (AR)
\c@subfigure=\count102
\c@subtable=\count103
)
(/usr/local/texlive/2014/texmf-dist/tex/latex/hyperref/hyperref.sty
Package: hyperref 2012/11/06 v6.83m Hypertext links for LaTeX

(/usr/local/texlive/2014/texmf-dist/tex/generic/oberdiek/hobsub-hyperref.sty
Package: hobsub-hyperref 2012/05/28 v1.13 Bundle oberdiek, subset hyperref (HO)


(/usr/local/texlive/2014/texmf-dist/tex/generic/oberdiek/hobsub-generic.sty
Package: hobsub-generic 2012/05/28 v1.13 Bundle oberdiek, subset generic (HO)
Package: hobsub 2012/05/28 v1.13 Construct package bundles (HO)
Package hobsub Info: Skipping package `infwarerr' (already loaded).
Package hobsub Info: Skipping package `ltxcmds' (already loaded).
Package hobsub Info: Skipping package `ifluatex' (already loaded).
Package: ifvtex 2010/03/01 v1.5 Detect VTeX and its facilities (HO)
Package ifvtex Info: VTeX not detected.
Package: intcalc 2007/09/27 v1.1 Expandable calculations with integers (HO)
Package hobsub Info: Skipping package `ifpdf' (already loaded).
Package hobsub Info: Skipping package `etexcmds' (already loaded).
Package hobsub Info: Skipping package `kvsetkeys' (already loaded).
Package: kvdefinekeys 2011/04/07 v1.3 Define keys (HO)
Package: pdftexcmds 2011/11/29 v0.20 Utility functions of pdfTeX for LuaTeX (HO
)
Package pdftexcmds Info: LuaTeX not detected.
Package pdftexcmds Info: \pdf@primitive is available.
Package pdftexcmds Info: \pdf@ifprimitive is available.
Package pdftexcmds Info: \pdfdraftmode found.
Package: pdfescape 2011/11/25 v1.13 Implements pdfTeX's escape features (HO)
Package: bigintcalc 2012/04/08 v1.3 Expandable calculations on big integers (HO
)
Package: bitset 2011/01/30 v1.1 Handle bit-vector datatype (HO)
Package: uniquecounter 2011/01/30 v1.2 Provide unlimited unique counter (HO)
)
Package hobsub Info: Skipping package `hobsub' (already loaded).
Package: letltxmacro 2010/09/02 v1.4 Let assignment for LaTeX macros (HO)
Package: hopatch 2012/05/28 v1.2 Wrapper for package hooks (HO)
Package: xcolor-patch 2011/01/30 xcolor patch
Package: atveryend 2011/06/30 v1.8 Hooks at the very end of document (HO)
Package atveryend Info: \enddocument detected (standard20110627).
Package: atbegshi 2011/10/05 v1.16 At begin shipout hook (HO)
Package: refcount 2011/10/16 v3.4 Data extraction from label references (HO)
Package: hycolor 2011/01/30 v1.7 Color options for hyperref/bookmark (HO)
)
(/usr/local/texlive/2014/texmf-dist/tex/generic/ifxetex/ifxetex.sty
Package: ifxetex 2010/09/12 v0.6 Provides ifxetex conditional
)
(/usr/local/texlive/2014/texmf-dist/tex/latex/oberdiek/auxhook.sty
Package: auxhook 2011/03/04 v1.3 Hooks for auxiliary files (HO)
)
\@linkdim=\dimen120
\Hy@linkcounter=\count104
\Hy@pagecounter=\count105

(/usr/local/texlive/2014/texmf-dist/tex/latex/hyperref/pd1enc.def
File: pd1enc.def 2012/11/06 v6.83m Hyperref: PDFDocEncoding definition (HO)
)
\Hy@SavedSpaceFactor=\count106

(/usr/local/texlive/2014/texmf-dist/tex/latex/latexconfig/hyperref.cfg
File: hyperref.cfg 2002/06/06 v1.2 hyperref configuration of TeXLive
)
Package hyperref Info: Option `colorlinks' set `true' on input line 4319.
Package hyperref Info: Option `unicode' set `true' on input line 4319.

(/usr/local/texlive/2014/texmf-dist/tex/latex/hyperref/puenc.def
File: puenc.def 2012/11/06 v6.83m Hyperref: PDF Unicode definition (HO)
)
Package hyperref Info: Hyper figures OFF on input line 4443.
Package hyperref Info: Link nesting OFF on input line 4448.
Package hyperref Info: Hyper index ON on input line 4451.
Package hyperref Info: Plain pages OFF on input line 4458.
Package hyperref Info: Backreferencing OFF on input line 4463.
Package hyperref Info: Implicit mode ON; LaTeX internals redefined.
Package hyperref Info: Bookmarks ON on input line 4688.
\c@Hy@tempcnt=\count107

(/usr/local/texlive/2014/texmf-dist/tex/latex/url/url.sty
\Urlmuskip=\muskip11
Package: url 2013/09/16  ver 3.4  Verb mode for urls, etc.
)
LaTeX Info: Redefining \url on input line 5041.
\XeTeXLinkMargin=\dimen121
\Fld@menulength=\count108
\Field@Width=\dimen122
\Fld@charsize=\dimen123
Package hyperref Info: Hyper figures OFF on input line 6295.
Package hyperref Info: Link nesting OFF on input line 6300.
Package hyperref Info: Hyper index ON on input line 6303.
Package hyperref Info: backreferencing OFF on input line 6310.
Package hyperref Info: Link coloring ON on input line 6313.
Package hyperref Info: Link coloring with OCG OFF on input line 6320.
Package hyperref Info: PDF/A mode OFF on input line 6325.
LaTeX Info: Redefining \ref on input line 6365.
LaTeX Info: Redefining \pageref on input line 6369.
\Hy@abspage=\count109
\c@Item=\count110
\c@Hfootnote=\count111
)

Package hyperref Message: Driver: hpdftex.

(/usr/local/texlive/2014/texmf-dist/tex/latex/hyperref/hpdftex.def
File: hpdftex.def 2012/11/06 v6.83m Hyperref driver for pdfTeX
\Fld@listcount=\count112
\c@bookmark@seq@number=\count113

(/usr/local/texlive/2014/texmf-dist/tex/latex/oberdiek/rerunfilecheck.sty
Package: rerunfilecheck 2011/04/15 v1.7 Rerun checks for auxiliary files (HO)
Package uniquecounter Info: New unique counter `rerunfilecheck' on input line 2
82.
)
\Hy@SectionHShift=\skip51
)
Package hyperref Info: Option `colorlinks' set `false' on input line 1496.
Package hyperref Info: Option `bookmarksopen' set `true' on input line 1496.
Package hyperref Info: Option `bookmarksnumbered' set `true' on input line 1496
.

(/usr/local/texlive/2014/texmf-dist/tex/latex/graphics/graphicx.sty
Package: graphicx 2014/04/25 v1.0g Enhanced LaTeX Graphics (DPC,SPQR)

(/usr/local/texlive/2014/texmf-dist/tex/latex/graphics/graphics.sty
Package: graphics 2009/02/05 v1.0o Standard LaTeX Graphics (DPC,SPQR)

(/usr/local/texlive/2014/texmf-dist/tex/latex/graphics/trig.sty
Package: trig 1999/03/16 v1.09 sin cos tan (DPC)
)
(/usr/local/texlive/2014/texmf-dist/tex/latex/latexconfig/graphics.cfg
File: graphics.cfg 2010/04/23 v1.9 graphics configuration of TeX Live
)
Package graphics Info: Driver file: pdftex.def on input line 91.

(/usr/local/texlive/2014/texmf-dist/tex/latex/pdftex-def/pdftex.def
File: pdftex.def 2011/05/27 v0.06d Graphics/color for pdfTeX
\Gread@gobject=\count114
))
\Gin@req@height=\dimen124
\Gin@req@width=\dimen125
)
(/usr/local/texlive/2014/texmf-dist/tex/latex/cmap/cmap.sty
Package: cmap 2008/03/06 v1.0h CMap support: searchable PDF
)
(/usr/local/texlive/2014/texmf-dist/tex/latex/graphics/color.sty
Package: color 2014/04/23 v1.1a Standard LaTeX Color (DPC)

(/usr/local/texlive/2014/texmf-dist/tex/latex/latexconfig/color.cfg
File: color.cfg 2007/01/18 v1.5 color configuration of teTeX/TeXLive
)
Package color Info: Driver file: pdftex.def on input line 137.
)
Package hyperref Info: Option `colorlinks' set `true' on input line 1515.
)
(/usr/local/texlive/texmf-local/tex/latex/disser/bachelor.rtx
File: bachelor.rtx 
)
(/usr/local/texlive/2014/texmf-dist/tex/latex/geometry/geometry.sty
Package: geometry 2010/09/12 v5.6 Page Geometry
\Gm@cnth=\count115
\Gm@cntv=\count116
\c@Gm@tempcnt=\count117
\Gm@bindingoffset=\dimen126
\Gm@wd@mp=\dimen127
\Gm@odd@mp=\dimen128
\Gm@even@mp=\dimen129
\Gm@layoutwidth=\dimen130
\Gm@layoutheight=\dimen131
\Gm@layouthoffset=\dimen132
\Gm@layoutvoffset=\dimen133
\Gm@dimlist=\toks20
)
(/usr/local/texlive/2014/texmf-dist/tex/latex/base/fontenc.sty
Package: fontenc 2005/09/27 v1.99g Standard LaTeX package

(/usr/local/texlive/2014/texmf-dist/tex/latex/cyrillic/t2aenc.def
File: t2aenc.def 2005/09/27 v1.0i Cyrillic encoding definition file
)
LaTeX Font Info:    Try loading font information for T2A+cmr on input line 100.


(/usr/local/texlive/2014/texmf-dist/tex/latex/cyrillic/t2acmr.fd
File: t2acmr.fd 2001/08/11 v1.0a Computer Modern Cyrillic font definitions
)<<t2a.cmap>>)
(/usr/local/texlive/2014/texmf-dist/tex/latex/base/inputenc.sty
Package: inputenc 2014/04/30 v1.2b Input encoding file
\inpenc@prehook=\toks21
\inpenc@posthook=\toks22

(/usr/local/texlive/2014/texmf-dist/tex/latex/cyrillic/cp1251.def
File: cp1251.def 1999/11/16 v1.0d Input encoding file
))
(/usr/local/texlive/2014/texmf-dist/tex/generic/babel/babel.sty
Package: babel 2014/03/24 3.9k The Babel package

(/usr/local/texlive/2014/texmf-dist/tex/generic/babel-english/english.ldf
Language: english 2012/08/20 v3.3p English support from the babel system

(/usr/local/texlive/2014/texmf-dist/tex/generic/babel/babel.def
File: babel.def 2014/03/24 3.9k Babel common definitions
\babel@savecnt=\count118
\U@D=\dimen134
)
\l@canadian = a dialect from \language\l@american 
\l@australian = a dialect from \language\l@british 
\l@newzealand = a dialect from \language\l@british 
)
(/usr/local/texlive/2014/texmf-dist/tex/generic/babel-russian/russianb.ldf
Language: russian 2013/04/13 1.3a Russian support from the babel system
Package babel Info: Making " an active character on input line 147.
))
(/usr/local/texlive/2014/texmf-dist/tex/latex/oberdiek/epstopdf.sty
Package: epstopdf 2010/02/09 v2.5 Conversion with epstopdf on the fly (HO)

(/usr/local/texlive/2014/texmf-dist/tex/latex/oberdiek/epstopdf-base.sty
Package: epstopdf-base 2010/02/09 v2.5 Base part for package epstopdf

(/usr/local/texlive/2014/texmf-dist/tex/latex/oberdiek/grfext.sty
Package: grfext 2010/08/19 v1.1 Manage graphics extensions (HO)
)
Package grfext Info: Graphics extension search list:
(grfext)             [.png,.pdf,.jpg,.mps,.jpeg,.jbig2,.jb2,.PNG,.PDF,.JPG,.JPE
G,.JBIG2,.JB2,.eps]
(grfext)             \AppendGraphicsExtensions on input line 452.

(/usr/local/texlive/2014/texmf-dist/tex/latex/latexconfig/epstopdf-sys.cfg
File: epstopdf-sys.cfg 2010/07/13 v1.3 Configuration of (r)epstopdf for TeX Liv
e
)))
(/usr/local/texlive/2014/texmf-dist/tex/latex/microtype/microtype.sty
Package: microtype 2013/05/23 v2.5a Micro-typographical refinements (RS)
\MT@toks=\toks23
\MT@count=\count119
LaTeX Info: Redefining \textls on input line 766.
\MT@outer@kern=\dimen135
LaTeX Info: Redefining \textmicrotypecontext on input line 1285.
\MT@listname@count=\count120

(/usr/local/texlive/2014/texmf-dist/tex/latex/microtype/microtype-pdftex.def
File: microtype-pdftex.def 2013/05/23 v2.5a Definitions specific to pdftex (RS)

LaTeX Info: Redefining \lsstyle on input line 915.
LaTeX Info: Redefining \lslig on input line 915.
\MT@outer@space=\skip52
)
Package microtype Info: Loading configuration file microtype.cfg.

(/usr/local/texlive/2014/texmf-dist/tex/latex/microtype/microtype.cfg
File: microtype.cfg 2013/05/23 v2.5a microtype main configuration file (RS)
))
(/usr/local/texlive/2014/texmf-dist/tex/latex/listings/listings.sty
\lst@mode=\count121
\lst@gtempboxa=\box28
\lst@token=\toks24
\lst@length=\count122
\lst@currlwidth=\dimen136
\lst@column=\count123
\lst@pos=\count124
\lst@lostspace=\dimen137
\lst@width=\dimen138
\lst@newlines=\count125
\lst@lineno=\count126
\lst@maxwidth=\dimen139

(/usr/local/texlive/2014/texmf-dist/tex/latex/listings/lstmisc.sty
File: lstmisc.sty 2014/03/04 1.5c (Carsten Heinz)
\c@lstnumber=\count127
\lst@skipnumbers=\count128
\lst@framebox=\box29
)
(/usr/local/texlive/2014/texmf-dist/tex/latex/listings/listings.cfg
File: listings.cfg 2014/03/04 1.5c listings configuration
))
Package: listings 2014/03/04 1.5c (Carsten Heinz)

(/usr/local/texlive/2014/texmf-dist/tex/latex/footmisc/footmisc.sty
Package: footmisc 2011/06/06 v5.5b a miscellany of footnote facilities
\FN@temptoken=\toks25
\footnotemargin=\dimen140
\c@pp@next@reset=\count129
Package footmisc Info: Declaring symbol style bringhurst on input line 855.
Package footmisc Info: Declaring symbol style chicago on input line 863.
Package footmisc Info: Declaring symbol style wiley on input line 872.
Package footmisc Info: Declaring symbol style lamport-robust on input line 883.

Package footmisc Info: Declaring symbol style lamport* on input line 903.
Package footmisc Info: Declaring symbol style lamport*-robust on input line 924
.
)
(/usr/local/texlive/2014/texmf-dist/tex/latex/wrapfig/wrapfig.sty
\wrapoverhang=\dimen141
\WF@size=\dimen142
\c@WF@wrappedlines=\count130
\WF@box=\box30
\WF@everypar=\toks26
Package: wrapfig 2003/01/31  v 3.6
)
(/usr/local/texlive/2014/texmf-dist/tex/latex/tools/enumerate.sty
Package: enumerate 1999/03/05 v3.00 enumerate extensions (DPC)
\@enLab=\toks27
)
(/usr/local/texlive/2014/texmf-dist/tex/latex/rotating/rotating.sty
Package: rotating 2009/03/28 v2.16a rotated objects in LaTeX
\c@r@tfl@t=\count131
\rotFPtop=\skip53
\rotFPbot=\skip54
\rot@float@box=\box31
\rot@mess@toks=\toks28
)
(/usr/local/texlive/2014/texmf-dist/tex/latex/multirow/multirow.sty
\bigstrutjot=\dimen143
)
(./thesis.aux

LaTeX Warning: Label `tab' multiply defined.

)
\openout1 = `thesis.aux'.

LaTeX Font Info:    Checking defaults for OML/cmm/m/it on input line 78.
LaTeX Font Info:    ... okay on input line 78.
LaTeX Font Info:    Checking defaults for T1/cmr/m/n on input line 78.
LaTeX Font Info:    ... okay on input line 78.
LaTeX Font Info:    Checking defaults for OT1/cmr/m/n on input line 78.
LaTeX Font Info:    ... okay on input line 78.
LaTeX Font Info:    Checking defaults for OMS/cmsy/m/n on input line 78.
LaTeX Font Info:    ... okay on input line 78.
LaTeX Font Info:    Checking defaults for OMX/cmex/m/n on input line 78.
LaTeX Font Info:    ... okay on input line 78.
LaTeX Font Info:    Checking defaults for U/cmr/m/n on input line 78.
LaTeX Font Info:    ... okay on input line 78.
LaTeX Font Info:    Checking defaults for PD1/pdf/m/n on input line 78.
LaTeX Font Info:    ... okay on input line 78.
LaTeX Font Info:    Checking defaults for PU/pdf/m/n on input line 78.
LaTeX Font Info:    ... okay on input line 78.
LaTeX Font Info:    Checking defaults for T2A/cmr/m/n on input line 78.
LaTeX Font Info:    ... okay on input line 78.
Package caption Info: Begin \AtBeginDocument code.
Package caption Info: hyperref package is loaded.
Package caption Info: listings package is loaded.
Package caption Info: rotating package is loaded.
Package caption Info: wrapfig package is loaded.
Package caption Info: End \AtBeginDocument code.
\AtBeginShipoutBox=\box32
Package hyperref Info: Link coloring ON on input line 78.
 (/usr/local/texlive/2014/texmf-dist/tex/latex/hyperref/nameref.sty
Package: nameref 2012/10/27 v2.43 Cross-referencing by name of section

(/usr/local/texlive/2014/texmf-dist/tex/generic/oberdiek/gettitlestring.sty
Package: gettitlestring 2010/12/03 v1.4 Cleanup title references (HO)
)
\c@section@level=\count132
)
LaTeX Info: Redefining \ref on input line 78.
LaTeX Info: Redefining \pageref on input line 78.
LaTeX Info: Redefining \nameref on input line 78.

(./thesis.out) (./thesis.out)
\@outlinefile=\write3
\openout3 = `thesis.out'.


(/usr/local/texlive/2014/texmf-dist/tex/context/base/supp-pdf.mkii
[Loading MPS to PDF converter (version 2006.09.02).]
\scratchcounter=\count133
\scratchdimen=\dimen144
\scratchbox=\box33
\nofMPsegments=\count134
\nofMParguments=\count135
\everyMPshowfont=\toks29
\MPscratchCnt=\count136
\MPscratchDim=\dimen145
\MPnumerator=\count137
\makeMPintoPDFobject=\count138
\everyMPtoPDFconversion=\toks30
)
*geometry* driver: auto-detecting
*geometry* detected driver: pdftex
*geometry* verbose mode - [ preamble ] result:
* driver: pdftex
* paper: a4paper
* layout: <same size as paper>
* layoutoffset:(h,v)=(0.0pt,0.0pt)
* modes: 
* h-part:(L,W,R)=(85.35826pt, 455.24411pt, 56.9055pt)
* v-part:(T,H,B)=(56.9055pt, 731.23584pt, 56.9055pt)
* \paperwidth=597.50787pt
* \paperheight=845.04684pt
* \textwidth=455.24411pt
* \textheight=731.23584pt
* \oddsidemargin=13.08827pt
* \evensidemargin=13.08827pt
* \topmargin=-49.28133pt
* \headheight=14.0pt
* \headsep=19.91684pt
* \topskip=14.0pt
* \footskip=28.45274pt
* \marginparwidth=15.0pt
* \marginparsep=10.0pt
* \columnsep=10.0pt
* \skip\footins=12.0pt plus 4.0pt minus 2.0pt
* \hoffset=0.0pt
* \voffset=0.0pt
* \mag=1000
* \@twocolumnfalse
* \@twosidefalse
* \@mparswitchfalse
* \@reversemarginfalse
* (1in=72.27pt=25.4mm, 1cm=28.453pt)

LaTeX Info: Redefining \microtypecontext on input line 78.
Package microtype Info: Generating PDF output.
Package microtype Info: Character protrusion enabled (level 2).
Package microtype Info: Using default protrusion set `alltext'.
Package microtype Info: Automatic font expansion enabled (level 2),
(microtype)             stretch: 20, shrink: 20, step: 1, non-selected.
Package microtype Info: Using default expansion set `basictext'.
Package microtype Info: No adjustment of tracking.
Package microtype Info: No adjustment of interword spacing.
Package microtype Info: No adjustment of character kerning.
(/usr/local/texlive/2014/texmf-dist/tex/latex/microtype/mt-cmr.cfg
File: mt-cmr.cfg 2013/05/19 v2.2 microtype config. file: Computer Modern Roman 
(RS)
)
\c@lstlisting=\count139
Package color Info: Redefining color red on input line 91.

(/usr/local/texlive/2014/texmf-dist/tex/latex/listings/lstlang1.sty
File: lstlang1.sty 2014/03/04 1.5c listings language file
)
(./docs.tex
*geometry* verbose mode - [ newgeometry ] result:
* driver: pdftex
* paper: a4paper
* layout: <same size as paper>
* layoutoffset:(h,v)=(0.0pt,0.0pt)
* modes: 
* h-part:(L,W,R)=(0.0pt, 597.50787pt, 0.0pt)
* v-part:(T,H,B)=(0.0pt, 845.04684pt, 0.0pt)
* \paperwidth=597.50787pt
* \paperheight=845.04684pt
* \textwidth=597.50787pt
* \textheight=845.04684pt
* \oddsidemargin=-72.26999pt
* \evensidemargin=-72.26999pt
* \topmargin=-106.18683pt
* \headheight=14.0pt
* \headsep=19.91684pt
* \topskip=14.0pt
* \footskip=28.45274pt
* \marginparwidth=15.0pt
* \marginparsep=10.0pt
* \columnsep=10.0pt
* \skip\footins=12.0pt plus 4.0pt minus 2.0pt
* \hoffset=0.0pt
* \voffset=0.0pt
* \mag=1000
* \@twocolumnfalse
* \@twosidefalse
* \@mparswitchfalse
* \@reversemarginfalse
* (1in=72.27pt=25.4mm, 1cm=28.453pt)

 <fig/tt-0.pdf, id=109, 1660.2025pt x 2347.77126pt>
File: fig/tt-0.pdf Graphic file (type pdf)

<use fig/tt-0.pdf>
Package pdftex.def Info: fig/tt-0.pdf used on input line 7.
(pdftex.def)             Requested size: 597.50787pt x 844.94626pt.


LaTeX Warning: Float too large for page by 25.39941pt on input line 9.


LaTeX Warning: `!h' float specifier changed to `!ht'.

<fig/tt-1.pdf, id=110, 1660.2025pt x 2347.77126pt>
File: fig/tt-1.pdf Graphic file (type pdf)
 <use fig/tt-1.pdf>
Package pdftex.def Info: fig/tt-1.pdf used on input line 12.
(pdftex.def)             Requested size: 597.50787pt x 844.94626pt.


LaTeX Warning: Float too large for page by 25.39941pt on input line 14.


LaTeX Warning: `!h' float specifier changed to `!ht'.

<fig/zz-0.pdf, id=111, 1660.2025pt x 2347.77126pt>
File: fig/zz-0.pdf Graphic file (type pdf)
 <use fig/zz-0.pdf>
Package pdftex.def Info: fig/zz-0.pdf used on input line 17.
(pdftex.def)             Requested size: 597.50787pt x 844.94626pt.


LaTeX Warning: Float too large for page by 25.39941pt on input line 19.


LaTeX Warning: `!h' float specifier changed to `!ht'.

<fig/zz-1.pdf, id=112, 1660.2025pt x 2347.77126pt>
File: fig/zz-1.pdf Graphic file (type pdf)
 <use fig/zz-1.pdf>
Package pdftex.def Info: fig/zz-1.pdf used on input line 22.
(pdftex.def)             Requested size: 597.50787pt x 844.94626pt.


LaTeX Warning: Float too large for page by 25.39941pt on input line 24.


LaTeX Warning: `!h' float specifier changed to `!ht'.

<fig/ann-0.pdf, id=113, 1659.19875pt x 2346.7675pt>
File: fig/ann-0.pdf Graphic file (type pdf)
 <use fig/ann-0.pdf>
Package pdftex.def Info: fig/ann-0.pdf used on input line 27.
(pdftex.def)             Requested size: 597.50787pt x 845.08633pt.


LaTeX Warning: Float too large for page by 25.53949pt on input line 29.


LaTeX Warning: `!h' float specifier changed to `!ht'.

<fig/ann-1.pdf, id=114, 1659.19875pt x 2346.7675pt>
File: fig/ann-1.pdf Graphic file (type pdf)
 <use fig/ann-1.pdf>
Package pdftex.def Info: fig/ann-1.pdf used on input line 32.
(pdftex.def)             Requested size: 597.50787pt x 845.08633pt.


LaTeX Warning: Float too large for page by 25.53949pt on input line 34.


LaTeX Warning: `!h' float specifier changed to `!ht'.

[1 <./fig/tt-0.pdf>]pdfTeX warning (ext4): destination with the same identifier
 (name{page.}) has been already used, duplicate ignored
<to be read again> 
                   \relax 
l.35 \restoregeometry
                      [2 <./fig/tt-1.pdf>]pdfTeX warning (ext4): destination wi
th the same identifier (name{page.}) has been already used, duplicate ignored
<to be read again> 
                   \relax 
l.35 \restoregeometry
                      [3 <./fig/zz-0.pdf>]pdfTeX warning (ext4): destination wi
th the same identifier (name{page.}) has been already used, duplicate ignored
<to be read again> 
                   \relax 
l.35 \restoregeometry
                      [4 <./fig/zz-1.pdf>]pdfTeX warning (ext4): destination wi
th the same identifier (name{page.}) has been already used, duplicate ignored
<to be read again> 
                   \relax 
l.35 \restoregeometry
                      [5 <./fig/ann-0.pdf>]pdfTeX warning (ext4): destination w
ith the same identifier (name{page.}) has been already used, duplicate ignored
<to be read again> 
                   \relax 
l.35 \restoregeometry
                      [6 <./fig/ann-1.pdf>]) (./thesis.toc<<ot1.cmap>><<oml.cma
p>><<oms.cmap>><<omx.cmap>>
LaTeX Font Info:    Try loading font information for U+msa on input line 2.

(/usr/local/texlive/2014/texmf-dist/tex/latex/amsfonts/umsa.fd
File: umsa.fd 2013/01/14 v3.01 AMS symbols A
)
(/usr/local/texlive/2014/texmf-dist/tex/latex/microtype/mt-msa.cfg
File: mt-msa.cfg 2006/02/04 v1.1 microtype config. file: AMS symbols (a) (RS)
)
LaTeX Font Info:    Try loading font information for U+msb on input line 2.

(/usr/local/texlive/2014/texmf-dist/tex/latex/amsfonts/umsb.fd
File: umsb.fd 2013/01/14 v3.01 AMS symbols B
)
(/usr/local/texlive/2014/texmf-dist/tex/latex/microtype/mt-msb.cfg
File: mt-msb.cfg 2005/06/01 v1.0 microtype config. file: AMS symbols (b) (RS)
)
LaTeX Font Info:    Try loading font information for U+euex on input line 2.

(/usr/local/texlive/2014/texmf-dist/tex/latex/amsfonts/ueuex.fd
File: ueuex.fd 2013/01/14 v3.01 Euler extra symbols
)
Overfull \hbox (12.48047pt too wide) in paragraph at lines 16--16
 [][] [][][]\T2A/cmr/m/n/14.4 (-20) Отображение мо^^?ду^^?ля гра^^?фи^^?че^^?ск
о^^?го ин^^?тер^^?фей^^?са на эта^^?лон^^?ную 
 []

[7






{/usr/local/texlive/2014/texmf-var/fonts/map/pdftex/updmap/pdftex.map}]
Overfull \hbox (5.43059pt too wide) in paragraph at lines 20--20
 [][] [][][]\T2A/cmr/m/n/14.4/-30ls (-20) Описание вза^^?и^^?мо^^?дей^^?ствия р
е^^?а^^?ли^^?зо^^?ван^^?но^^?го мо^^?ду^^?ля гра^^?фи^^?че^^?ско^^?го 
 []

)
\tf@toc=\write4
\openout4 = `thesis.toc'.

 [8] (./intro.tex [9


] [10]
Overfull \hbox (2.89182pt too wide) in paragraph at lines 28--30
\T2A/cmr/m/n/14.4 (-20) турно-^^?модуль^^?ного под^^?хода к раз^^?ра^^?ботке гр
а^^?фи^^?че^^?ского интер^^?фейса системы
 []

[11]) (./1.tex [12]

Package hyperref Warning: Token not allowed in a PDF string (Unicode):
(hyperref)                removing `\\' on input line 2.


Overfull \hbox (0.29944pt too wide) in paragraph at lines 8--9
\T2A/cmr/m/n/14.4 (-20) КИН>> пред^^?ла^^?гают под^^?ход к постро^^?е^^?нию пер
е^^?но^^?си^^?мого ядра ЧПУ на основе
 []

[13

]
Overfull \hbox (5.0626pt too wide) in paragraph at lines 10--12
\T2A/cmr/m/n/14.4 (-20) раз^^?ра^^?бо^^?тали часть про^^?граммно-^^?аппа^^?рат^
^?ных ком^^?по^^?нен^^?тов. Чело^^?веко-^^?машин^^?
 []

[14]

Package hyperref Warning: Token not allowed in a PDF string (Unicode):
(hyperref)                removing `\textls' on input line 18.


Overfull \hbox (5.40755pt too wide) in paragraph at lines 25--26
[] \T2A/cmr/bx/it/14.4 Уни^^?фи^^?ка^^?ция\T2A/cmr/m/n/14.4 (-20) . Под уни^^?ф
и^^?ка^^?цией пони^^?ма^^?ется откры^^?тая про^^?граммно-^^?
 []

[15] [16]

Package hyperref Warning: Token not allowed in a PDF string (Unicode):
(hyperref)                removing `\textls' on input line 41.

[17] [18]
Overfull \hbox (10.20741pt too wide) in paragraph at lines 58--59
[]\T2A/cmr/m/n/14.4 (-20) Проведенные иссле^^?до^^?ва^^?ния пока^^?зали, что пр
ед^^?мет^^?ная область активно
 []

[19]) (./2.tex [20] <fig/019_FANUC-0iTD.jpg, id=350, 1445.4pt x 867.24pt>
File: fig/019_FANUC-0iTD.jpg Graphic file (type jpg)

<use fig/019_FANUC-0iTD.jpg>
Package pdftex.def Info: fig/019_FANUC-0iTD.jpg used on input line 18.
(pdftex.def)             Requested size: 409.71692pt x 245.82944pt.


LaTeX Warning: `!h' float specifier changed to `!ht'.

<fig/kse_cnc.jpg, id=351, 120.85284pt x 116.26044pt>
File: fig/kse_cnc.jpg Graphic file (type jpg)
 <use fig/kse_cnc.jpg>
Package pdftex.def Info: fig/kse_cnc.jpg used on input line 26.
(pdftex.def)             Requested size: 318.66948pt x 306.58078pt.


LaTeX Warning: `!h' float specifier changed to `!ht'.

[21

] [22 <./fig/019_FANUC-0iTD.jpg> <./fig/kse_cnc.jpg>]
Overfull \hbox (4.04823pt too wide) in paragraph at lines 38--39
[]\T2A/cmr/m/it/14.4 (-20) Во-вторых\T2A/cmr/m/n/14.4 (-20) , тех^^?но^^?ло^^?г
и^^?че^^?ское обо^^?ру^^?до^^?ва^^?ние имеет дол^^?гий срок службы,
 []

[23]
Overfull \hbox (3.08948pt too wide) in paragraph at lines 49--50
[]\T2A/cmr/m/n/14.4 (-20) параметры станка, кото^^?рые исполь^^?зу^^?ются для н
астройки станка,
 []

[24]
Overfull \hbox (6.05936pt too wide) in paragraph at lines 71--72
[]\T2A/cmr/m/n/14.4 (-20) Набор экра^^?нов, отоб^^?ра^^?жа^^?ю^^?щих теку^^?щие
 коор^^?ди^^?наты рабо^^?чей головки,
 []

[25] [26] [27]
Package hyperref Info: bookmark level for unknown lstlisting defaults to 0 on i
nput line 117.
LaTeX Font Info:    Try loading font information for T2A+cmtt on input line 117
.

(/usr/local/texlive/2014/texmf-dist/tex/latex/cyrillic/t2acmtt.fd
File: t2acmtt.fd 2001/08/11 v1.0a Computer Modern Cyrillic font definitions
)
Package microtype Info: Loading generic settings for font family
(microtype)             `cmtt' (encoding: T2A).
(microtype)             For optimal results, create family-specific settings.
(microtype)             See the microtype manual for details.

Overfull \hbox (9.57259pt too wide) in paragraph at lines 119--120
[][][][][][][][][][][][][][][][][][][][][][][][][][][][][][][][][][][][][][][][
][] 
 []


Overfull \hbox (9.57259pt too wide) in paragraph at lines 122--123
[][][][][][][][][][][][][][][][][][][][][][][][][][][][][][][][][][][][][][][][
][][][][][][][][][][] 
 []


Package hyperref Warning: Token not allowed in a PDF string (Unicode):
(hyperref)                removing `\textls' on input line 141.

[28] [29] [30]
Overfull \hbox (5.08829pt too wide) in paragraph at lines 164--165
[]\T2A/cmr/bx/it/14.4 Структурный под^^?ход \T2A/cmr/m/n/14.4/-20ls (-20) бази^
^?ру^^?ется на основе про^^?ек^^?ти^^?ро^^?ва^^?ния <<сверху
 []

[31] (./scheme.eps_tex
Package epstopdf Info: Source file: <fig/scheme.eps>
(epstopdf)                    date: 2017-05-08 18:10:32
(epstopdf)                    size: 246578 bytes
(epstopdf)             Output file: <fig/scheme-eps-converted-to.pdf>
(epstopdf)                    date: 2017-05-08 18:11:25
(epstopdf)                    size: 79728 bytes
(epstopdf)             Command: <repstopdf --outfile=fig/scheme-eps-converted-t
o.pdf fig/scheme.eps>
(epstopdf)             \includegraphics on input line 52.
Package epstopdf Info: Output file is already uptodate.

<fig/scheme-eps-converted-to.pdf, id=439, 754.82pt x 310.15875pt>
File: fig/scheme-eps-converted-to.pdf Graphic file (type pdf)

<use fig/scheme-eps-converted-to.pdf>
Package pdftex.def Info: fig/scheme-eps-converted-to.pdf used on input line 52.

(pdftex.def)             Requested size: 409.71692pt x 168.35403pt.
)

LaTeX Warning: `!h' float specifier changed to `!ht'.

<fig/struct.png, id=440, 853.65324pt x 513.55061pt>
File: fig/struct.png Graphic file (type png)
 <use fig/struct.png>
Package pdftex.def Info: fig/struct.png used on input line 190.
(pdftex.def)             Requested size: 409.71692pt x 246.48582pt.


LaTeX Warning: `!h' float specifier changed to `!ht'.

[32] <fig/modern_cnc.png, id=449, 779.91376pt x 454.69875pt>
File: fig/modern_cnc.png Graphic file (type png)

<use fig/modern_cnc.png>
Package pdftex.def Info: fig/modern_cnc.png used on input line 201.
(pdftex.def)             Requested size: 409.71692pt x 238.86612pt.


LaTeX Warning: `!h' float specifier changed to `!ht'.

[33 <./fig/scheme-eps-converted-to.pdf> <./fig/struct.png>] (./guiappr.eps_tex
Package epstopdf Info: Source file: <fig/guiappr.eps>
(epstopdf)                    date: 2017-05-08 19:28:25
(epstopdf)                    size: 1050134 bytes
(epstopdf)             Output file: <fig/guiappr-eps-converted-to.pdf>
(epstopdf)                    date: 2017-05-08 19:29:13
(epstopdf)                    size: 369209 bytes
(epstopdf)             Command: <repstopdf --outfile=fig/guiappr-eps-converted-
to.pdf fig/guiappr.eps>
(epstopdf)             \includegraphics on input line 52.
Package epstopdf Info: Output file is already uptodate.

<fig/guiappr-eps-converted-to.pdf, id=460, 1008.76875pt x 404.51125pt>
File: fig/guiappr-eps-converted-to.pdf Graphic file (type pdf)

<use fig/guiappr-eps-converted-to.pdf>
Package pdftex.def Info: fig/guiappr-eps-converted-to.pdf used on input line 52
.
(pdftex.def)             Requested size: 500.77129pt x 200.80463pt.
)
Overfull \hbox (45.52718pt too wide) in paragraph at lines 58--216
 [][] 
 []


LaTeX Warning: `!h' float specifier changed to `!ht'.


Overfull \hbox (1.5085pt too wide) in paragraph at lines 220--221
[]\T2A/cmr/m/n/14.4 (-20) Для обра^^?зо^^?ва^^?ния вр^^Aеменной струк^^?туры ис
поль^^?зу^^?ется агре^^?га^^?тор интер^^?
 []

[34 <./fig/modern_cnc.png>] [35 <./fig/guiappr-eps-converted-to.pdf>] [36]
[37] [38] <fig/rami.jpg, id=488, 2949.0175pt x 1765.59625pt>
File: fig/rami.jpg Graphic file (type jpg)

<use fig/rami.jpg>
Package pdftex.def Info: fig/rami.jpg used on input line 257.
(pdftex.def)             Requested size: 409.71692pt x 245.29593pt.
 [39 <./fig/rami.jpg>] [40] [41]
Overfull \hbox (1.0017pt too wide) in paragraph at lines 296--297
\T2A/cmr/m/n/14.4 (-20) эффек^^?тив^^?ной реа^^?ли^^?за^^?ции необ^^?хо^^?димо 
при^^?ме^^?нять гра^^?фи^^?че^^?ский интер^^?
 []

[42]) (./3.tex [43]

Package hyperref Warning: Token not allowed in a PDF string (Unicode):
(hyperref)                removing `\textls' on input line 2.

Package epstopdf Info: Source file: <fig/deploy.eps>
(epstopdf)                    date: 2017-05-04 04:13:39
(epstopdf)                    size: 66190 bytes
(epstopdf)             Output file: <fig/deploy-eps-converted-to.pdf>
(epstopdf)                    date: 2017-05-04 04:46:46
(epstopdf)                    size: 63902 bytes
(epstopdf)             Command: <repstopdf --outfile=fig/deploy-eps-converted-t
o.pdf fig/deploy.eps>
(epstopdf)             \includegraphics on input line 9.
Package epstopdf Info: Output file is already uptodate.
<fig/deploy-eps-converted-to.pdf, id=529, 613.29124pt x 333.245pt>
File: fig/deploy-eps-converted-to.pdf Graphic file (type pdf)

<use fig/deploy-eps-converted-to.pdf>
Package pdftex.def Info: fig/deploy-eps-converted-to.pdf used on input line 9.
(pdftex.def)             Requested size: 432.48051pt x 234.99876pt.
 [44

 <./fig/deploy-eps-converted-to.pdf>]
<fig/wrap.png, id=540, 1105.12875pt x 579.66562pt>
File: fig/wrap.png Graphic file (type png)
 <use fig/wrap.png>
Package pdftex.def Info: fig/wrap.png used on input line 21.
(pdftex.def)             Requested size: 455.24411pt x 238.7789pt.
 [45 <./fig/wrap.png>] <fig/websock.png, id=548, 775.89874pt x 447.6725pt>
File: fig/websock.png Graphic file (type png)

<use fig/websock.png>
Package pdftex.def Info: fig/websock.png used on input line 30.
(pdftex.def)             Requested size: 455.24411pt x 262.6695pt.
 <fig/server.png, id=550, 747.79375pt x 443.6575pt>
File: fig/server.png Graphic file (type png)

<use fig/server.png>
Package pdftex.def Info: fig/server.png used on input line 41.
(pdftex.def)             Requested size: 455.24411pt x 270.0891pt.


LaTeX Warning: `!h' float specifier changed to `!ht'.


Package hyperref Warning: Token not allowed in a PDF string (Unicode):
(hyperref)                removing `\textls' on input line 46.


Overfull \hbox (6.35777pt too wide) in paragraph at lines 47--48
\T2A/cmr/m/n/14.4 (-20) т.е. видже^^?тами гра^^?фи^^?че^^?ского интер^^?фейса, 
исполь^^?зу^^?ется про^^?то^^?кол \T2A/cmr/m/it/14.4 (-20) Websocket\T2A/cmr/m/
n/14.4 (-20) .
 []

[46 <./fig/websock.png>] [47 <./fig/server.png>]
<fig/hs.png, id=568, 706.64pt x 481.8pt>
File: fig/hs.png Graphic file (type png)
 <use fig/hs.png>
Package pdftex.def Info: fig/hs.png used on input line 57.
(pdftex.def)             Requested size: 409.71692pt x 279.35597pt.

<fig/seq.png, id=569, 1451.4225pt x 964.60374pt>
File: fig/seq.png Graphic file (type png)
 <use fig/seq.png>
Package pdftex.def Info: fig/seq.png used on input line 65.
(pdftex.def)             Requested size: 455.24411pt x 302.54182pt.


LaTeX Warning: `!h' float specifier changed to `!ht'.

[48 <./fig/hs.png>]
Underfull \hbox (badness 10000) detected at line 76
[]
 []


LaTeX Warning: `!h' float specifier changed to `!ht'.


Underfull \hbox (badness 10000) detected at line 109
[]
 []


LaTeX Warning: `!h' float specifier changed to `!ht'.

[49 <./fig/seq.png>] [50]) (./concl.tex [51]
Overfull \hbox (2.51886pt too wide) in paragraph at lines 13--14
[]\T2A/cmr/m/n/14.4 (-20) Было обос^^?но^^?вано при^^?ме^^?не^^?ние струк^^?тур
но-^^?модуль^^?ного под^^?хода с помо^^?
 []

[52

]) [53] (./thesis.lof)
\tf@lof=\write5
\openout5 = `thesis.lof'.

 [54

] (./thesis.lot)
\tf@lot=\write6
\openout6 = `thesis.lot'.

 (./abbrev.tex [55

]) (./thesis.bbl [56

] [57

]
Underfull \hbox (badness 10000) in paragraph at lines 135--138
[][][]\T2A/cmr/m/n/14.4 (+20) Microservices. A def^^?i^^?ni^^?tion of this new 
archi^^?tec^^?tural term.
 []

[58]
Underfull \hbox (badness 1337) in paragraph at lines 158--161
[][][]\T2A/cmr/m/n/14.4 (+20) Разработка ПО. Этапы разработки программного обес
печения.
 []


Underfull \hbox (badness 1337) in paragraph at lines 165--168
\T2A/cmr/m/n/14.4 (+20) URL: [][]$\T2A/cmtt/m/n/14.4 http : / / citforum . ru /
 database / case / glava2 _ 1 . shtml$[][] \T2A/cmr/m/n/14.4 (+20) ([]да^^?та
 []


Underfull \hbox (badness 1502) in paragraph at lines 171--175
\T2A/cmr/m/n/14.4 (+20) MA, USA: Addis^^?on-Wes^^?ley Long^^?man Pub^^?lish^^?i
ng Co., Inc., 1993.
 []

)

Package caption Warning: Unused \captionsetup[sub] on input line 41.
See the caption package documentation for explanation.

Package atveryend Info: Empty hook `BeforeClearDocument' on input line 179.
[59]
Package atveryend Info: Empty hook `AfterLastShipout' on input line 179.
 (./thesis.aux)
Package atveryend Info: Executing hook `AtVeryEndDocument' on input line 179.
Package atveryend Info: Executing hook `AtEndAfterFileList' on input line 179.
Package rerunfilecheck Info: File `thesis.out' has not changed.
(rerunfilecheck)             Checksum: E1FCD4A7C903FCBABA59836ABFE1EC0B;11873.


LaTeX Warning: There were multiply-defined labels.

Package atveryend Info: Empty hook `AtVeryVeryEnd' on input line 179.
 ) 
Here is how much of TeX's memory you used:
 16896 strings out of 493117
 245989 string characters out of 6135433
 359086 words of memory out of 5000000
 19573 multiletter control sequences out of 15000+600000
 45634 words of font info for 226 fonts, out of 8000000 for 9000
 1141 hyphenation exceptions out of 8191
 43i,9n,40p,1390b,1360s stack positions out of 5000i,500n,10000p,200000b,80000s
pdfTeX warning (dest): name{Hfootnote.14} has been referenced but does not ex
ist, replaced by a fixed one

pdfTeX warning (dest): name{Hfootnote.13} has been referenced but does not exis
t, replaced by a fixed one

pdfTeX warning (dest): name{Hfootnote.12} has been referenced but does not exis
t, replaced by a fixed one

pdfTeX warning (dest): name{Hfootnote.11} has been referenced but does not exis
t, replaced by a fixed one

pdfTeX warning (dest): name{Hfootnote.10} has been referenced but does not exis
t, replaced by a fixed one

pdfTeX warning (dest): name{Hfootnote.9} has been referenced but does not exist
, replaced by a fixed one

pdfTeX warning (dest): name{Hfootnote.8} has been referenced but does not exist
, replaced by a fixed one

pdfTeX warning (dest): name{Hfootnote.7} has been referenced but does not exist
, replaced by a fixed one

pdfTeX warning (dest): name{Hfootnote.6} has been referenced but does not exist
, replaced by a fixed one

pdfTeX warning (dest): name{Hfootnote.5} has been referenced but does not exist
, replaced by a fixed one

pdfTeX warning (dest): name{Hfootnote.4} has been referenced but does not exist
, replaced by a fixed one

pdfTeX warning (dest): name{Hfootnote.3} has been referenced but does not exist
, replaced by a fixed one

pdfTeX warning (dest): name{Hfootnote.2} has been referenced but does not exist
, replaced by a fixed one

pdfTeX warning (dest): name{Hfootnote.1} has been referenced but does not exist
, replaced by a fixed one

{/usr/local/texlive/2014/texmf-dist/fonts/enc/dvips/cm-super/cm-super-t2a.enc}<
/usr/local/texlive/2014/texmf-dist/fonts/type1/public/amsfonts/cm/cmsy10.pfb></
usr/local/texlive/2014/texmf-dist/fonts/type1/public/cm-super/sfbi1440.pfb></us
r/local/texlive/2014/texmf-dist/fonts/type1/public/cm-super/sfbx1440.pfb></usr/
local/texlive/2014/texmf-dist/fonts/type1/public/cm-super/sfbx1728.pfb></usr/lo
cal/texlive/2014/texmf-dist/fonts/type1/public/cm-super/sfbx2074.pfb></usr/loca
l/texlive/2014/texmf-dist/fonts/type1/public/cm-super/sfrm0600.pfb></usr/local/
texlive/2014/texmf-dist/fonts/type1/public/cm-super/sfrm0700.pfb></usr/local/te
xlive/2014/texmf-dist/fonts/type1/public/cm-super/sfrm1000.pfb></usr/local/texl
ive/2014/texmf-dist/fonts/type1/public/cm-super/sfrm1200.pfb></usr/local/texliv
e/2014/texmf-dist/fonts/type1/public/cm-super/sfrm1440.pfb></usr/local/texlive/
2014/texmf-dist/fonts/type1/public/cm-super/sfrm2074.pfb></usr/local/texlive/20
14/texmf-dist/fonts/type1/public/cm-super/sfti1440.pfb></usr/local/texlive/2014
/texmf-dist/fonts/type1/public/cm-super/sftt1440.pfb>
Output written on thesis.pdf (59 pages, 8812983 bytes).
PDF statistics:
 760 PDF objects out of 1000 (max. 8388607)
 634 compressed objects within 7 object streams
 184 named destinations out of 1000 (max. 500000)
 60228 words of extra memory for PDF output out of 61914 (max. 10000000)

